{
"contracts\\DeqityFactory.sol":{"l":{"21":1,"22":1,"42":14,"46":12,"50":12,"51":12,"56":11,"61":11,"65":10,"75":10,"76":10,"81":1,"85":1,"86":1,"91":2,"95":2,"99":1,"104":2,"105":1,"115":2,"119":2},"path":"C:\\Users\\ptrma\\learningWeb3\\deqity-core\\contracts\\DeqityFactory.sol","s":{"1":1,"2":1,"3":14,"4":12,"5":12,"6":12,"7":11,"8":11,"9":10,"10":10,"11":10,"12":1,"13":1,"14":1,"15":2,"16":2,"17":1,"18":2,"19":1,"20":2,"21":2},"b":{"1":[12,2],"2":[12,0],"3":[12,0],"4":[11,1],"5":[11,0],"6":[10,1],"7":[1,0],"8":[1,0],"9":[2,0],"10":[1,1],"11":[1,1]},"f":{"1":1,"2":0,"3":14,"4":1,"5":2,"6":2,"7":2,"8":2},"fnMap":{"1":{"name":"constructor","line":20,"loc":{"start":{"line":20,"column":4},"end":{"line":23,"column":4}}},"2":{"name":null,"line":31,"loc":{"start":{"line":31,"column":4},"end":{"line":31,"column":25}}},"3":{"name":"createEquity","line":36,"loc":{"start":{"line":36,"column":4},"end":{"line":77,"column":4}}},"4":{"name":"setAdminFee","line":80,"loc":{"start":{"line":80,"column":4},"end":{"line":87,"column":4}}},"5":{"name":"setFeeSetter","line":90,"loc":{"start":{"line":90,"column":4},"end":{"line":100,"column":4}}},"6":{"name":"withdrawl","line":103,"loc":{"start":{"line":103,"column":4},"end":{"line":106,"column":4}}},"7":{"name":"getEquityAddress","line":110,"loc":{"start":{"line":110,"column":4},"end":{"line":116,"column":4}}},"8":{"name":"numOfEquityContracts","line":118,"loc":{"start":{"line":118,"column":4},"end":{"line":120,"column":4}}}},"statementMap":{"1":{"start":{"line":21,"column":8},"end":{"line":21,"column":27}},"2":{"start":{"line":22,"column":8},"end":{"line":22,"column":34}},"3":{"start":{"line":42,"column":8},"end":{"line":42,"column":1101}},"4":{"start":{"line":46,"column":8},"end":{"line":46,"column":1261}},"5":{"start":{"line":50,"column":8},"end":{"line":50,"column":77}},"6":{"start":{"line":51,"column":8},"end":{"line":51,"column":1464}},"7":{"start":{"line":56,"column":8},"end":{"line":56,"column":1647}},"8":{"start":{"line":61,"column":8},"end":{"line":61,"column":1832}},"9":{"start":{"line":65,"column":8},"end":{"line":65,"column":1974}},"10":{"start":{"line":75,"column":8},"end":{"line":75,"column":35}},"11":{"start":{"line":76,"column":8},"end":{"line":76,"column":39}},"12":{"start":{"line":81,"column":8},"end":{"line":81,"column":2487}},"13":{"start":{"line":85,"column":8},"end":{"line":85,"column":72}},"14":{"start":{"line":86,"column":8},"end":{"line":86,"column":27}},"15":{"start":{"line":91,"column":8},"end":{"line":91,"column":2884}},"16":{"start":{"line":95,"column":8},"end":{"line":95,"column":3016}},"17":{"start":{"line":99,"column":8},"end":{"line":99,"column":39}},"18":{"start":{"line":104,"column":8},"end":{"line":104,"column":74}},"19":{"start":{"line":105,"column":8},"end":{"line":105,"column":62}},"20":{"start":{"line":115,"column":8},"end":{"line":115,"column":38}},"21":{"start":{"line":119,"column":8},"end":{"line":119,"column":37}}},"branchMap":{"1":{"line":42,"type":"if","locations":[{"start":{"line":42,"column":8},"end":{"line":42,"column":8}},{"start":{"line":42,"column":8},"end":{"line":42,"column":8}}]},"2":{"line":46,"type":"if","locations":[{"start":{"line":46,"column":8},"end":{"line":46,"column":8}},{"start":{"line":46,"column":8},"end":{"line":46,"column":8}}]},"3":{"line":50,"type":"if","locations":[{"start":{"line":50,"column":8},"end":{"line":50,"column":8}},{"start":{"line":50,"column":8},"end":{"line":50,"column":8}}]},"4":{"line":51,"type":"if","locations":[{"start":{"line":51,"column":8},"end":{"line":51,"column":8}},{"start":{"line":51,"column":8},"end":{"line":51,"column":8}}]},"5":{"line":56,"type":"if","locations":[{"start":{"line":56,"column":8},"end":{"line":56,"column":8}},{"start":{"line":56,"column":8},"end":{"line":56,"column":8}}]},"6":{"line":61,"type":"if","locations":[{"start":{"line":61,"column":8},"end":{"line":61,"column":8}},{"start":{"line":61,"column":8},"end":{"line":61,"column":8}}]},"7":{"line":81,"type":"if","locations":[{"start":{"line":81,"column":8},"end":{"line":81,"column":8}},{"start":{"line":81,"column":8},"end":{"line":81,"column":8}}]},"8":{"line":85,"type":"if","locations":[{"start":{"line":85,"column":8},"end":{"line":85,"column":8}},{"start":{"line":85,"column":8},"end":{"line":85,"column":8}}]},"9":{"line":91,"type":"if","locations":[{"start":{"line":91,"column":8},"end":{"line":91,"column":8}},{"start":{"line":91,"column":8},"end":{"line":91,"column":8}}]},"10":{"line":95,"type":"if","locations":[{"start":{"line":95,"column":8},"end":{"line":95,"column":8}},{"start":{"line":95,"column":8},"end":{"line":95,"column":8}}]},"11":{"line":104,"type":"if","locations":[{"start":{"line":104,"column":8},"end":{"line":104,"column":8}},{"start":{"line":104,"column":8},"end":{"line":104,"column":8}}]}}},
"contracts\\test\\ExposedTokenizedEquity.sol":{"l":{"27":1,"34":0,"38":1,"42":0},"path":"C:\\Users\\ptrma\\learningWeb3\\deqity-core\\contracts\\test\\ExposedTokenizedEquity.sol","s":{"1":1,"2":0,"3":1,"4":0},"b":{},"f":{"1":6,"2":1,"3":0,"4":1,"5":0},"fnMap":{"1":{"name":"constructor","line":23,"loc":{"start":{"line":8,"column":4},"end":{"line":24,"column":5}}},"2":{"name":"_update","line":26,"loc":{"start":{"line":26,"column":4},"end":{"line":28,"column":4}}},"3":{"name":"_initilizeEquity","line":30,"loc":{"start":{"line":30,"column":4},"end":{"line":35,"column":4}}},"4":{"name":"_endDillutionSale","line":37,"loc":{"start":{"line":37,"column":4},"end":{"line":39,"column":4}}},"5":{"name":"_endPeerToPeerSale","line":41,"loc":{"start":{"line":41,"column":4},"end":{"line":43,"column":4}}}},"statementMap":{"1":{"start":{"line":27,"column":8},"end":{"line":27,"column":19}},"2":{"start":{"line":34,"column":8},"end":{"line":34,"column":57}},"3":{"start":{"line":38,"column":8},"end":{"line":38,"column":25}},"4":{"start":{"line":42,"column":8},"end":{"line":42,"column":32}}},"branchMap":{}},
"contracts\\TokenizedEquity.sol":{"l":{"48":17,"49":17,"50":17,"51":17,"52":17,"53":17,"73":12,"74":12,"75":11,"76":10,"79":9,"80":9,"81":9,"90":6,"91":6,"95":6,"99":3,"105":3,"106":3,"109":3,"110":3,"113":3,"116":3,"117":2,"126":14,"127":14,"131":13,"132":12,"133":11,"139":10,"140":10,"143":10,"155":5,"156":5,"157":4,"161":2,"166":2,"167":1,"168":1,"170":1,"171":1,"181":6,"182":6,"186":5,"193":4,"194":4,"197":4,"198":4,"201":4,"204":4,"205":4,"209":4,"210":3,"218":29,"219":54,"220":54,"221":51,"222":51,"223":51,"224":33,"229":3,"239":17,"240":17,"242":17,"245":17,"246":27,"247":27,"248":27,"249":27,"253":17,"254":17,"255":17,"260":3,"261":3,"262":3,"265":2,"266":2,"269":2,"270":2,"274":2,"275":2,"278":2,"282":4,"283":4,"288":4,"289":4,"300":2,"301":2,"303":2,"304":2,"306":2,"314":0,"315":0,"316":0,"318":0,"319":0,"321":0,"327":5},"path":"C:\\Users\\ptrma\\learningWeb3\\deqity-core\\contracts\\TokenizedEquity.sol","s":{"1":17,"2":17,"3":17,"4":17,"5":17,"6":17,"7":12,"8":12,"9":11,"10":10,"11":9,"12":9,"13":9,"14":6,"15":6,"16":6,"17":3,"18":3,"19":3,"20":3,"21":3,"22":3,"23":3,"24":2,"25":14,"26":14,"27":13,"28":12,"29":11,"30":10,"31":10,"32":10,"33":5,"34":5,"35":4,"36":2,"37":2,"38":1,"39":1,"40":1,"41":1,"42":6,"43":6,"44":5,"45":4,"46":4,"47":4,"48":4,"49":4,"50":4,"51":4,"52":4,"53":3,"54":29,"55":54,"56":54,"57":51,"58":51,"59":51,"60":33,"61":17,"62":17,"63":17,"64":17,"65":27,"66":27,"67":27,"68":27,"69":17,"70":17,"71":17,"72":3,"73":3,"74":3,"75":2,"76":2,"77":2,"78":2,"79":2,"80":2,"81":2,"82":4,"83":4,"84":2,"85":2,"86":2,"87":2,"88":2,"89":0,"90":0,"91":0,"92":0,"93":0,"94":0,"95":5},"b":{"1":[12,0],"2":[11,1],"3":[10,1],"4":[9,1],"5":[6,0],"6":[6,0],"7":[3,3],"8":[3,0],"9":[2,1],"10":[14,0],"11":[13,1],"12":[12,1],"13":[11,1],"14":[10,1],"15":[5,0],"16":[4,1],"17":[2,2],"18":[2,0],"19":[1,1],"20":[6,0],"21":[5,1],"22":[4,1],"23":[3,1],"24":[51,3],"25":[33,18],"26":[17,0],"27":[17,0],"28":[3,0],"29":[3,0],"30":[2,1],"31":[4,0],"32":[4,0]},"f":{"1":17,"2":0,"3":12,"4":6,"5":14,"6":5,"7":6,"8":29,"9":17,"10":3,"11":4,"12":2,"13":0,"14":5},"fnMap":{"1":{"name":"constructor","line":47,"loc":{"start":{"line":40,"column":4},"end":{"line":54,"column":4}}},"2":{"name":null,"line":62,"loc":{"start":{"line":62,"column":4},"end":{"line":62,"column":25}}},"3":{"name":"startDillutionSale","line":71,"loc":{"start":{"line":68,"column":4},"end":{"line":82,"column":4}}},"4":{"name":"buyDillutionShares","line":88,"loc":{"start":{"line":85,"column":4},"end":{"line":119,"column":4}}},"5":{"name":"startPeerToPeerSale","line":124,"loc":{"start":{"line":122,"column":4},"end":{"line":147,"column":4}}},"6":{"name":"alterPeerToPeerSale","line":154,"loc":{"start":{"line":150,"column":4},"end":{"line":173,"column":4}}},"7":{"name":"buyPeerToPeerShares","line":179,"loc":{"start":{"line":176,"column":4},"end":{"line":212,"column":4}}},"8":{"name":"update","line":217,"loc":{"start":{"line":217,"column":4},"end":{"line":232,"column":4}}},"9":{"name":"initilizeEquity","line":238,"loc":{"start":{"line":235,"column":4},"end":{"line":256,"column":4}}},"10":{"name":"endDillutionSale","line":259,"loc":{"start":{"line":259,"column":4},"end":{"line":279,"column":4}}},"11":{"name":"endPeerToPeerSale","line":281,"loc":{"start":{"line":281,"column":4},"end":{"line":290,"column":4}}},"12":{"name":"transfer","line":294,"loc":{"start":{"line":294,"column":4},"end":{"line":307,"column":4}}},"13":{"name":"transferFrom","line":309,"loc":{"start":{"line":309,"column":4},"end":{"line":322,"column":4}}},"14":{"name":"getContractStatus","line":326,"loc":{"start":{"line":326,"column":4},"end":{"line":328,"column":4}}}},"statementMap":{"1":{"start":{"line":48,"column":8},"end":{"line":48,"column":29}},"2":{"start":{"line":49,"column":8},"end":{"line":49,"column":29}},"3":{"start":{"line":50,"column":8},"end":{"line":50,"column":25}},"4":{"start":{"line":51,"column":8},"end":{"line":51,"column":33}},"5":{"start":{"line":52,"column":8},"end":{"line":52,"column":57}},"6":{"start":{"line":53,"column":8},"end":{"line":53,"column":36}},"7":{"start":{"line":73,"column":8},"end":{"line":73,"column":59}},"8":{"start":{"line":74,"column":8},"end":{"line":74,"column":71}},"9":{"start":{"line":75,"column":8},"end":{"line":75,"column":61}},"10":{"start":{"line":76,"column":8},"end":{"line":76,"column":60}},"11":{"start":{"line":79,"column":8},"end":{"line":79,"column":40}},"12":{"start":{"line":80,"column":8},"end":{"line":80,"column":45}},"13":{"start":{"line":81,"column":8},"end":{"line":81,"column":31}},"14":{"start":{"line":90,"column":8},"end":{"line":90,"column":59}},"15":{"start":{"line":91,"column":8},"end":{"line":91,"column":3008}},"16":{"start":{"line":95,"column":8},"end":{"line":95,"column":3147}},"17":{"start":{"line":99,"column":8},"end":{"line":99,"column":3286}},"18":{"start":{"line":105,"column":8},"end":{"line":105,"column":57}},"19":{"start":{"line":106,"column":8},"end":{"line":106,"column":39}},"20":{"start":{"line":109,"column":8},"end":{"line":109,"column":34}},"21":{"start":{"line":110,"column":8},"end":{"line":110,"column":36}},"22":{"start":{"line":113,"column":8},"end":{"line":113,"column":20}},"23":{"start":{"line":116,"column":8},"end":{"line":116,"column":3880}},"24":{"start":{"line":117,"column":12},"end":{"line":117,"column":29}},"25":{"start":{"line":126,"column":8},"end":{"line":126,"column":60}},"26":{"start":{"line":127,"column":8},"end":{"line":127,"column":4236}},"27":{"start":{"line":131,"column":8},"end":{"line":131,"column":57}},"28":{"start":{"line":132,"column":8},"end":{"line":132,"column":63}},"29":{"start":{"line":133,"column":8},"end":{"line":133,"column":4496}},"30":{"start":{"line":139,"column":8},"end":{"line":139,"column":53}},"31":{"start":{"line":140,"column":8},"end":{"line":140,"column":53}},"32":{"start":{"line":143,"column":8},"end":{"line":143,"column":4928}},"33":{"start":{"line":155,"column":8},"end":{"line":155,"column":60}},"34":{"start":{"line":156,"column":8},"end":{"line":156,"column":77}},"35":{"start":{"line":157,"column":8},"end":{"line":157,"column":5424}},"36":{"start":{"line":161,"column":8},"end":{"line":161,"column":5549}},"37":{"start":{"line":166,"column":8},"end":{"line":166,"column":5688}},"38":{"start":{"line":167,"column":12},"end":{"line":167,"column":60}},"39":{"start":{"line":168,"column":12},"end":{"line":168,"column":40}},"40":{"start":{"line":170,"column":12},"end":{"line":170,"column":60}},"41":{"start":{"line":171,"column":12},"end":{"line":171,"column":60}},"42":{"start":{"line":181,"column":8},"end":{"line":181,"column":59}},"43":{"start":{"line":182,"column":8},"end":{"line":182,"column":6258}},"44":{"start":{"line":186,"column":8},"end":{"line":186,"column":6409}},"45":{"start":{"line":193,"column":8},"end":{"line":193,"column":57}},"46":{"start":{"line":194,"column":8},"end":{"line":194,"column":39}},"47":{"start":{"line":197,"column":8},"end":{"line":197,"column":61}},"48":{"start":{"line":198,"column":8},"end":{"line":198,"column":46}},"49":{"start":{"line":201,"column":8},"end":{"line":201,"column":36}},"50":{"start":{"line":204,"column":8},"end":{"line":204,"column":20}},"51":{"start":{"line":205,"column":8},"end":{"line":205,"column":7059}},"52":{"start":{"line":209,"column":8},"end":{"line":209,"column":7175}},"53":{"start":{"line":210,"column":12},"end":{"line":210,"column":36}},"54":{"start":{"line":218,"column":8},"end":{"line":218,"column":7453}},"55":{"start":{"line":219,"column":12},"end":{"line":219,"column":52}},"56":{"start":{"line":220,"column":12},"end":{"line":220,"column":7577}},"57":{"start":{"line":221,"column":16},"end":{"line":221,"column":55}},"58":{"start":{"line":222,"column":16},"end":{"line":222,"column":78}},"59":{"start":{"line":223,"column":16},"end":{"line":223,"column":7754}},"60":{"start":{"line":224,"column":20},"end":{"line":224,"column":7801}},"61":{"start":{"line":239,"column":8},"end":{"line":239,"column":63}},"62":{"start":{"line":240,"column":8},"end":{"line":240,"column":63}},"63":{"start":{"line":242,"column":8},"end":{"line":242,"column":28}},"64":{"start":{"line":245,"column":8},"end":{"line":245,"column":8461}},"65":{"start":{"line":246,"column":12},"end":{"line":246,"column":57}},"66":{"start":{"line":247,"column":12},"end":{"line":247,"column":48}},"67":{"start":{"line":248,"column":12},"end":{"line":248,"column":46}},"68":{"start":{"line":249,"column":12},"end":{"line":249,"column":53}},"69":{"start":{"line":253,"column":8},"end":{"line":253,"column":33}},"70":{"start":{"line":254,"column":8},"end":{"line":254,"column":19}},"71":{"start":{"line":255,"column":8},"end":{"line":255,"column":24}},"72":{"start":{"line":260,"column":8},"end":{"line":260,"column":60}},"73":{"start":{"line":261,"column":8},"end":{"line":261,"column":59}},"74":{"start":{"line":262,"column":8},"end":{"line":262,"column":76}},"75":{"start":{"line":265,"column":8},"end":{"line":265,"column":9277}},"76":{"start":{"line":266,"column":12},"end":{"line":266,"column":9354}},"77":{"start":{"line":269,"column":12},"end":{"line":269,"column":45}},"78":{"start":{"line":270,"column":12},"end":{"line":270,"column":49}},"79":{"start":{"line":274,"column":8},"end":{"line":274,"column":33}},"80":{"start":{"line":275,"column":8},"end":{"line":275,"column":19}},"81":{"start":{"line":278,"column":8},"end":{"line":278,"column":41}},"82":{"start":{"line":282,"column":8},"end":{"line":282,"column":59}},"83":{"start":{"line":283,"column":8},"end":{"line":283,"column":9931}},"84":{"start":{"line":300,"column":8},"end":{"line":300,"column":34}},"85":{"start":{"line":301,"column":8},"end":{"line":301,"column":35}},"86":{"start":{"line":303,"column":8},"end":{"line":303,"column":28}},"87":{"start":{"line":304,"column":8},"end":{"line":304,"column":20}},"88":{"start":{"line":306,"column":8},"end":{"line":306,"column":19}},"89":{"start":{"line":314,"column":8},"end":{"line":314,"column":36}},"90":{"start":{"line":315,"column":8},"end":{"line":315,"column":45}},"91":{"start":{"line":316,"column":8},"end":{"line":316,"column":34}},"92":{"start":{"line":318,"column":8},"end":{"line":318,"column":28}},"93":{"start":{"line":319,"column":8},"end":{"line":319,"column":20}},"94":{"start":{"line":321,"column":8},"end":{"line":321,"column":19}},"95":{"start":{"line":327,"column":8},"end":{"line":327,"column":35}}},"branchMap":{"1":{"line":73,"type":"if","locations":[{"start":{"line":73,"column":8},"end":{"line":73,"column":8}},{"start":{"line":73,"column":8},"end":{"line":73,"column":8}}]},"2":{"line":74,"type":"if","locations":[{"start":{"line":74,"column":8},"end":{"line":74,"column":8}},{"start":{"line":74,"column":8},"end":{"line":74,"column":8}}]},"3":{"line":75,"type":"if","locations":[{"start":{"line":75,"column":8},"end":{"line":75,"column":8}},{"start":{"line":75,"column":8},"end":{"line":75,"column":8}}]},"4":{"line":76,"type":"if","locations":[{"start":{"line":76,"column":8},"end":{"line":76,"column":8}},{"start":{"line":76,"column":8},"end":{"line":76,"column":8}}]},"5":{"line":90,"type":"if","locations":[{"start":{"line":90,"column":8},"end":{"line":90,"column":8}},{"start":{"line":90,"column":8},"end":{"line":90,"column":8}}]},"6":{"line":91,"type":"if","locations":[{"start":{"line":91,"column":8},"end":{"line":91,"column":8}},{"start":{"line":91,"column":8},"end":{"line":91,"column":8}}]},"7":{"line":95,"type":"if","locations":[{"start":{"line":95,"column":8},"end":{"line":95,"column":8}},{"start":{"line":95,"column":8},"end":{"line":95,"column":8}}]},"8":{"line":99,"type":"if","locations":[{"start":{"line":99,"column":8},"end":{"line":99,"column":8}},{"start":{"line":99,"column":8},"end":{"line":99,"column":8}}]},"9":{"line":116,"type":"if","locations":[{"start":{"line":116,"column":8},"end":{"line":116,"column":8}},{"start":{"line":116,"column":8},"end":{"line":116,"column":8}}]},"10":{"line":126,"type":"if","locations":[{"start":{"line":126,"column":8},"end":{"line":126,"column":8}},{"start":{"line":126,"column":8},"end":{"line":126,"column":8}}]},"11":{"line":127,"type":"if","locations":[{"start":{"line":127,"column":8},"end":{"line":127,"column":8}},{"start":{"line":127,"column":8},"end":{"line":127,"column":8}}]},"12":{"line":131,"type":"if","locations":[{"start":{"line":131,"column":8},"end":{"line":131,"column":8}},{"start":{"line":131,"column":8},"end":{"line":131,"column":8}}]},"13":{"line":132,"type":"if","locations":[{"start":{"line":132,"column":8},"end":{"line":132,"column":8}},{"start":{"line":132,"column":8},"end":{"line":132,"column":8}}]},"14":{"line":133,"type":"if","locations":[{"start":{"line":133,"column":8},"end":{"line":133,"column":8}},{"start":{"line":133,"column":8},"end":{"line":133,"column":8}}]},"15":{"line":155,"type":"if","locations":[{"start":{"line":155,"column":8},"end":{"line":155,"column":8}},{"start":{"line":155,"column":8},"end":{"line":155,"column":8}}]},"16":{"line":156,"type":"if","locations":[{"start":{"line":156,"column":8},"end":{"line":156,"column":8}},{"start":{"line":156,"column":8},"end":{"line":156,"column":8}}]},"17":{"line":157,"type":"if","locations":[{"start":{"line":157,"column":8},"end":{"line":157,"column":8}},{"start":{"line":157,"column":8},"end":{"line":157,"column":8}}]},"18":{"line":161,"type":"if","locations":[{"start":{"line":161,"column":8},"end":{"line":161,"column":8}},{"start":{"line":161,"column":8},"end":{"line":161,"column":8}}]},"19":{"line":166,"type":"if","locations":[{"start":{"line":166,"column":8},"end":{"line":166,"column":8}},{"start":{"line":166,"column":8},"end":{"line":166,"column":8}}]},"20":{"line":181,"type":"if","locations":[{"start":{"line":181,"column":8},"end":{"line":181,"column":8}},{"start":{"line":181,"column":8},"end":{"line":181,"column":8}}]},"21":{"line":182,"type":"if","locations":[{"start":{"line":182,"column":8},"end":{"line":182,"column":8}},{"start":{"line":182,"column":8},"end":{"line":182,"column":8}}]},"22":{"line":186,"type":"if","locations":[{"start":{"line":186,"column":8},"end":{"line":186,"column":8}},{"start":{"line":186,"column":8},"end":{"line":186,"column":8}}]},"23":{"line":209,"type":"if","locations":[{"start":{"line":209,"column":8},"end":{"line":209,"column":8}},{"start":{"line":209,"column":8},"end":{"line":209,"column":8}}]},"24":{"line":220,"type":"if","locations":[{"start":{"line":220,"column":12},"end":{"line":220,"column":12}},{"start":{"line":220,"column":12},"end":{"line":220,"column":12}}]},"25":{"line":223,"type":"if","locations":[{"start":{"line":223,"column":16},"end":{"line":223,"column":16}},{"start":{"line":223,"column":16},"end":{"line":223,"column":16}}]},"26":{"line":239,"type":"if","locations":[{"start":{"line":239,"column":8},"end":{"line":239,"column":8}},{"start":{"line":239,"column":8},"end":{"line":239,"column":8}}]},"27":{"line":240,"type":"if","locations":[{"start":{"line":240,"column":8},"end":{"line":240,"column":8}},{"start":{"line":240,"column":8},"end":{"line":240,"column":8}}]},"28":{"line":260,"type":"if","locations":[{"start":{"line":260,"column":8},"end":{"line":260,"column":8}},{"start":{"line":260,"column":8},"end":{"line":260,"column":8}}]},"29":{"line":261,"type":"if","locations":[{"start":{"line":261,"column":8},"end":{"line":261,"column":8}},{"start":{"line":261,"column":8},"end":{"line":261,"column":8}}]},"30":{"line":262,"type":"if","locations":[{"start":{"line":262,"column":8},"end":{"line":262,"column":8}},{"start":{"line":262,"column":8},"end":{"line":262,"column":8}}]},"31":{"line":282,"type":"if","locations":[{"start":{"line":282,"column":8},"end":{"line":282,"column":8}},{"start":{"line":282,"column":8},"end":{"line":282,"column":8}}]},"32":{"line":283,"type":"if","locations":[{"start":{"line":283,"column":8},"end":{"line":283,"column":8}},{"start":{"line":283,"column":8},"end":{"line":283,"column":8}}]}}}}
