TN:
SF:C:\Users\ptrma\learningWeb3\deqity-core\contracts\DeqityFactory.sol
FN:20,constructor
FN:31,
FN:36,createEquity
FN:80,setAdminFee
FN:90,setFeeSetter
FN:103,withdrawl
FN:110,getEquityAddress
FN:118,numOfEquityContracts
FNF:8
FNH:7
FNDA:1,constructor
FNDA:0,
FNDA:14,createEquity
FNDA:1,setAdminFee
FNDA:2,setFeeSetter
FNDA:2,withdrawl
FNDA:2,getEquityAddress
FNDA:2,numOfEquityContracts
DA:21,1
DA:22,1
DA:42,14
DA:46,12
DA:50,12
DA:51,12
DA:56,11
DA:61,11
DA:65,10
DA:75,10
DA:76,10
DA:81,1
DA:85,1
DA:86,1
DA:91,2
DA:95,2
DA:99,1
DA:104,2
DA:105,1
DA:115,2
DA:119,2
LF:21
LH:21
BRDA:42,1,0,12
BRDA:42,1,1,2
BRDA:46,2,0,12
BRDA:46,2,1,0
BRDA:50,3,0,12
BRDA:50,3,1,0
BRDA:51,4,0,11
BRDA:51,4,1,1
BRDA:56,5,0,11
BRDA:56,5,1,0
BRDA:61,6,0,10
BRDA:61,6,1,1
BRDA:81,7,0,1
BRDA:81,7,1,0
BRDA:85,8,0,1
BRDA:85,8,1,0
BRDA:91,9,0,2
BRDA:91,9,1,0
BRDA:95,10,0,1
BRDA:95,10,1,1
BRDA:104,11,0,1
BRDA:104,11,1,1
BRF:22
BRH:16
end_of_record
TN:
SF:C:\Users\ptrma\learningWeb3\deqity-core\contracts\test\ExposedTokenizedEquity.sol
FN:23,constructor
FN:26,_update
FN:30,_initilizeEquity
FN:37,_endDillutionSale
FN:41,_endPeerToPeerSale
FNF:5
FNH:3
FNDA:6,constructor
FNDA:1,_update
FNDA:0,_initilizeEquity
FNDA:1,_endDillutionSale
FNDA:0,_endPeerToPeerSale
DA:27,1
DA:34,0
DA:38,1
DA:42,0
LF:4
LH:2
BRF:0
BRH:0
end_of_record
TN:
SF:C:\Users\ptrma\learningWeb3\deqity-core\contracts\TokenizedEquity.sol
FN:47,constructor
FN:62,
FN:71,startDillutionSale
FN:88,buyDillutionShares
FN:124,startPeerToPeerSale
FN:154,alterPeerToPeerSale
FN:179,buyPeerToPeerShares
FN:217,update
FN:238,initilizeEquity
FN:259,endDillutionSale
FN:281,endPeerToPeerSale
FN:294,transfer
FN:309,transferFrom
FN:326,getContractStatus
FNF:14
FNH:12
FNDA:17,constructor
FNDA:0,
FNDA:12,startDillutionSale
FNDA:6,buyDillutionShares
FNDA:14,startPeerToPeerSale
FNDA:5,alterPeerToPeerSale
FNDA:6,buyPeerToPeerShares
FNDA:29,update
FNDA:17,initilizeEquity
FNDA:3,endDillutionSale
FNDA:4,endPeerToPeerSale
FNDA:2,transfer
FNDA:0,transferFrom
FNDA:5,getContractStatus
DA:48,17
DA:49,17
DA:50,17
DA:51,17
DA:52,17
DA:53,17
DA:73,12
DA:74,12
DA:75,11
DA:76,10
DA:79,9
DA:80,9
DA:81,9
DA:90,6
DA:91,6
DA:95,6
DA:99,3
DA:105,3
DA:106,3
DA:109,3
DA:110,3
DA:113,3
DA:116,3
DA:117,2
DA:126,14
DA:127,14
DA:131,13
DA:132,12
DA:133,11
DA:139,10
DA:140,10
DA:143,10
DA:155,5
DA:156,5
DA:157,4
DA:161,2
DA:166,2
DA:167,1
DA:168,1
DA:170,1
DA:171,1
DA:181,6
DA:182,6
DA:186,5
DA:193,4
DA:194,4
DA:197,4
DA:198,4
DA:201,4
DA:204,4
DA:205,4
DA:209,4
DA:210,3
DA:218,29
DA:219,54
DA:220,54
DA:221,51
DA:222,51
DA:223,51
DA:224,33
DA:229,3
DA:239,17
DA:240,17
DA:242,17
DA:245,17
DA:246,27
DA:247,27
DA:248,27
DA:249,27
DA:253,17
DA:254,17
DA:255,17
DA:260,3
DA:261,3
DA:262,3
DA:265,2
DA:266,2
DA:269,2
DA:270,2
DA:274,2
DA:275,2
DA:278,2
DA:282,4
DA:283,4
DA:288,4
DA:289,4
DA:300,2
DA:301,2
DA:303,2
DA:304,2
DA:306,2
DA:314,0
DA:315,0
DA:316,0
DA:318,0
DA:319,0
DA:321,0
DA:327,5
LF:98
LH:92
BRDA:73,1,0,12
BRDA:73,1,1,0
BRDA:74,2,0,11
BRDA:74,2,1,1
BRDA:75,3,0,10
BRDA:75,3,1,1
BRDA:76,4,0,9
BRDA:76,4,1,1
BRDA:90,5,0,6
BRDA:90,5,1,0
BRDA:91,6,0,6
BRDA:91,6,1,0
BRDA:95,7,0,3
BRDA:95,7,1,3
BRDA:99,8,0,3
BRDA:99,8,1,0
BRDA:116,9,0,2
BRDA:116,9,1,1
BRDA:126,10,0,14
BRDA:126,10,1,0
BRDA:127,11,0,13
BRDA:127,11,1,1
BRDA:131,12,0,12
BRDA:131,12,1,1
BRDA:132,13,0,11
BRDA:132,13,1,1
BRDA:133,14,0,10
BRDA:133,14,1,1
BRDA:155,15,0,5
BRDA:155,15,1,0
BRDA:156,16,0,4
BRDA:156,16,1,1
BRDA:157,17,0,2
BRDA:157,17,1,2
BRDA:161,18,0,2
BRDA:161,18,1,0
BRDA:166,19,0,1
BRDA:166,19,1,1
BRDA:181,20,0,6
BRDA:181,20,1,0
BRDA:182,21,0,5
BRDA:182,21,1,1
BRDA:186,22,0,4
BRDA:186,22,1,1
BRDA:209,23,0,3
BRDA:209,23,1,1
BRDA:220,24,0,51
BRDA:220,24,1,3
BRDA:223,25,0,33
BRDA:223,25,1,18
BRDA:239,26,0,17
BRDA:239,26,1,0
BRDA:240,27,0,17
BRDA:240,27,1,0
BRDA:260,28,0,3
BRDA:260,28,1,0
BRDA:261,29,0,3
BRDA:261,29,1,0
BRDA:262,30,0,2
BRDA:262,30,1,1
BRDA:282,31,0,4
BRDA:282,31,1,0
BRDA:283,32,0,4
BRDA:283,32,1,0
BRF:64
BRH:50
end_of_record
